Arguments: 
  /Users/ethanadmin/.nvm/versions/node/v16.15.1/bin/node /usr/local/Cellar/yarn/1.22.17_2/libexec/bin/yarn.js add @global/clasp@2.3.0

PATH: 
  /Users/ethanadmin/.nvm/versions/node/v16.15.1/bin:/Users/ethanadmin/.pyenv/bin:/Users/ethanadmin/.pyenv/bin:/Users/ethanadmin/.nvm/versions/node/v10.24.1/bin:/Users/ethanadmin/.nvm/versions/node/v10.24.1/bin:/usr/local/bin:/usr/bin:/bin:/usr/sbin:/sbin:/Library/Apple/usr/bin:/Users/ethanadmin/.pyenv/bin:/Users/ethanadmin/.nvm/versions/node/v10.24.1/bin:/Users/ethanadmin/.rvm/bin:/Users/ethanadmin/.rvm/bin:/Users/ethanadmin/.rvm/bin

Yarn version: 
  1.22.17

Node version: 
  16.15.1

Platform: 
  darwin x64

Trace: 
  Error: https://registry.yarnpkg.com/@global%2fclasp: Not found
      at Request.params.callback [as _callback] (/usr/local/Cellar/yarn/1.22.17_2/libexec/lib/cli.js:67029:18)
      at Request.self.callback (/usr/local/Cellar/yarn/1.22.17_2/libexec/lib/cli.js:140883:22)
      at Request.emit (node:events:527:28)
      at Request.<anonymous> (/usr/local/Cellar/yarn/1.22.17_2/libexec/lib/cli.js:141855:10)
      at Request.emit (node:events:527:28)
      at IncomingMessage.<anonymous> (/usr/local/Cellar/yarn/1.22.17_2/libexec/lib/cli.js:141777:12)
      at Object.onceWrapper (node:events:641:28)
      at IncomingMessage.emit (node:events:539:35)
      at endReadableNT (node:internal/streams/readable:1345:12)
      at processTicksAndRejections (node:internal/process/task_queues:83:21)

npm manifest: 
  No manifest

yarn manifest: 
  No manifest

Lockfile: 
  No lockfile
